[0.008s] Invoking command in '/home/jorgelop/vo_ws/build/vodom_first': CMAKE_PREFIX_PATH=${CMAKE_PREFIX_PATH}:/opt/ros/humble /usr/bin/cmake --build /home/jorgelop/vo_ws/build/vodom_first -- -j16 -l16
[0.052s] [ 80%] Built target ground_truth_path_node
[0.052s] [ 80%] Built target visual_odometry_node
[0.053s] [ 90%] Built target vodom_first_node
[0.053s] [ 90%] Built target minimal_path_publisher
[0.053s] [100%] Built target listener_node
[0.062s] Invoked command in '/home/jorgelop/vo_ws/build/vodom_first' returned '0': CMAKE_PREFIX_PATH=${CMAKE_PREFIX_PATH}:/opt/ros/humble /usr/bin/cmake --build /home/jorgelop/vo_ws/build/vodom_first -- -j16 -l16
[0.069s] Invoking command in '/home/jorgelop/vo_ws/build/vodom_first': CMAKE_PREFIX_PATH=${CMAKE_PREFIX_PATH}:/opt/ros/humble /usr/bin/cmake --install /home/jorgelop/vo_ws/build/vodom_first
[0.075s] -- Install configuration: ""
[0.075s] -- Execute custom install script
[0.075s] -- Up-to-date symlink: /home/jorgelop/vo_ws/install/vodom_first/lib/vodom_first/vodom_first_node
[0.075s] -- Up-to-date symlink: /home/jorgelop/vo_ws/install/vodom_first/lib/vodom_first/listener_node
[0.075s] -- Up-to-date symlink: /home/jorgelop/vo_ws/install/vodom_first/lib/vodom_first/visual_odometry_node
[0.075s] -- Up-to-date symlink: /home/jorgelop/vo_ws/install/vodom_first/lib/vodom_first/ground_truth_path_node
[0.075s] -- Up-to-date symlink: /home/jorgelop/vo_ws/install/vodom_first/lib/vodom_first/minimal_path_publisher
[0.076s] -- Up-to-date symlink: /home/jorgelop/vo_ws/install/vodom_first/share/ament_index/resource_index/package_run_dependencies/vodom_first
[0.076s] -- Up-to-date symlink: /home/jorgelop/vo_ws/install/vodom_first/share/ament_index/resource_index/parent_prefix_path/vodom_first
[0.076s] -- Up-to-date symlink: /home/jorgelop/vo_ws/install/vodom_first/share/vodom_first/environment/ament_prefix_path.sh
[0.076s] -- Up-to-date symlink: /home/jorgelop/vo_ws/install/vodom_first/share/vodom_first/environment/ament_prefix_path.dsv
[0.076s] -- Up-to-date symlink: /home/jorgelop/vo_ws/install/vodom_first/share/vodom_first/environment/path.sh
[0.076s] -- Up-to-date symlink: /home/jorgelop/vo_ws/install/vodom_first/share/vodom_first/environment/path.dsv
[0.076s] -- Up-to-date symlink: /home/jorgelop/vo_ws/install/vodom_first/share/vodom_first/local_setup.bash
[0.076s] -- Up-to-date symlink: /home/jorgelop/vo_ws/install/vodom_first/share/vodom_first/local_setup.sh
[0.076s] -- Up-to-date symlink: /home/jorgelop/vo_ws/install/vodom_first/share/vodom_first/local_setup.zsh
[0.077s] -- Up-to-date symlink: /home/jorgelop/vo_ws/install/vodom_first/share/vodom_first/local_setup.dsv
[0.077s] -- Symlinking: /home/jorgelop/vo_ws/install/vodom_first/share/vodom_first/package.dsv
[0.083s] -- Up-to-date symlink: /home/jorgelop/vo_ws/install/vodom_first/share/ament_index/resource_index/packages/vodom_first
[0.084s] -- Up-to-date symlink: /home/jorgelop/vo_ws/install/vodom_first/share/vodom_first/cmake/vodom_firstConfig.cmake
[0.084s] -- Up-to-date symlink: /home/jorgelop/vo_ws/install/vodom_first/share/vodom_first/cmake/vodom_firstConfig-version.cmake
[0.084s] -- Up-to-date symlink: /home/jorgelop/vo_ws/install/vodom_first/share/vodom_first/package.xml
[0.085s] Invoked command in '/home/jorgelop/vo_ws/build/vodom_first' returned '0': CMAKE_PREFIX_PATH=${CMAKE_PREFIX_PATH}:/opt/ros/humble /usr/bin/cmake --install /home/jorgelop/vo_ws/build/vodom_first
