-- The C compiler identification is GNU 11.4.0
-- The CXX compiler identification is GNU 11.4.0
-- Detecting C compiler ABI info
-- Detecting C compiler ABI info - done
-- Check for working C compiler: /usr/bin/cc - skipped
-- Detecting C compile features
-- Detecting C compile features - done
-- Detecting CXX compiler ABI info
-- Detecting CXX compiler ABI info - done
-- Check for working CXX compiler: /usr/bin/c++ - skipped
-- Detecting CXX compile features
-- Detecting CXX compile features - done
-- Found ament_cmake: 1.3.12 (/opt/ros/humble/share/ament_cmake/cmake)
-- Found Python3: /usr/bin/python3 (found version "3.10.12") found components: Interpreter 
-- Override CMake install command with custom implementation using symlinks instead of copying resources
-- Found rclcpp: 16.0.14 (/opt/ros/humble/share/rclcpp/cmake)
-- Found rosidl_generator_c: 3.1.7 (/opt/ros/humble/share/rosidl_generator_c/cmake)
-- Found rosidl_adapter: 3.1.7 (/opt/ros/humble/share/rosidl_adapter/cmake)
-- Found rosidl_generator_cpp: 3.1.7 (/opt/ros/humble/share/rosidl_generator_cpp/cmake)
-- Using all available rosidl_typesupport_c: rosidl_typesupport_fastrtps_c;rosidl_typesupport_introspection_c
-- Using all available rosidl_typesupport_cpp: rosidl_typesupport_fastrtps_cpp;rosidl_typesupport_introspection_cpp
-- Found rmw_implementation_cmake: 6.1.2 (/opt/ros/humble/share/rmw_implementation_cmake/cmake)
-- Found rmw_fastrtps_cpp: 6.2.8 (/opt/ros/humble/share/rmw_fastrtps_cpp/cmake)
-- Found OpenSSL: /usr/lib/x86_64-linux-gnu/libcrypto.so (found version "3.0.2")  
-- Found FastRTPS: /opt/ros/humble/include  
-- Using RMW implementation 'rmw_fastrtps_cpp' as default
-- Looking for pthread.h
-- Looking for pthread.h - found
-- Performing Test CMAKE_HAVE_LIBC_PTHREAD
-- Performing Test CMAKE_HAVE_LIBC_PTHREAD - Success
-- Found Threads: TRUE  
-- Found nav_msgs: 4.9.0 (/opt/ros/humble/share/nav_msgs/cmake)
-- Found OpenCV: /usr (found version "4.5.4") 
-- Found ament_lint_auto: 0.12.14 (/opt/ros/humble/share/ament_lint_auto/cmake)
-- Added test 'cppcheck' to perform static code analysis on C / C++ code
-- Configured cppcheck include dirs: 
-- Configured cppcheck exclude dirs and/or files: 
-- Added test 'lint_cmake' to check CMake code style
-- Added test 'uncrustify' to check C / C++ code style
-- Configured uncrustify additional arguments: 
-- Added test 'xmllint' to check XML markup files
-- Configuring done
-- Generating done
-- Build files have been written to: /home/jorgelop/vo_ws/build/vodom_first
[ 50%] [32mBuilding CXX object CMakeFiles/vodom_first_node.dir/src/vodom_first_node.cpp.o[0m
[ 50%] [32mBuilding CXX object CMakeFiles/ground_truth_path_node.dir/src/ground_truth_path_node.cpp.o[0m
[ 50%] [32mBuilding CXX object CMakeFiles/minimal_path_publisher.dir/src/minimal_path_publisher.cpp.o[0m
[ 50%] [32mBuilding CXX object CMakeFiles/visual_odometry_node.dir/src/visual_odometry_node.cpp.o[0m
[ 50%] [32mBuilding CXX object CMakeFiles/listener_node.dir/src/listener_node.cpp.o[0m
[ 60%] [32m[1mLinking CXX executable vodom_first_node[0m
[ 70%] [32m[1mLinking CXX executable minimal_path_publisher[0m
[ 70%] Built target vodom_first_node
[ 80%] [32m[1mLinking CXX executable ground_truth_path_node[0m
[ 80%] Built target minimal_path_publisher
[ 80%] Built target ground_truth_path_node
[ 90%] [32m[1mLinking CXX executable visual_odometry_node[0m
[ 90%] Built target visual_odometry_node
[100%] [32m[1mLinking CXX executable listener_node[0m
[100%] Built target listener_node
-- Install configuration: ""
-- Execute custom install script
-- Symlinking: /home/jorgelop/vo_ws/install/vodom_first/lib/vodom_first/vodom_first_node
-- Symlinking: /home/jorgelop/vo_ws/install/vodom_first/lib/vodom_first/listener_node
-- Symlinking: /home/jorgelop/vo_ws/install/vodom_first/lib/vodom_first/visual_odometry_node
-- Symlinking: /home/jorgelop/vo_ws/install/vodom_first/lib/vodom_first/ground_truth_path_node
-- Symlinking: /home/jorgelop/vo_ws/install/vodom_first/lib/vodom_first/minimal_path_publisher
-- Symlinking: /home/jorgelop/vo_ws/install/vodom_first/share/ament_index/resource_index/package_run_dependencies/vodom_first
-- Symlinking: /home/jorgelop/vo_ws/install/vodom_first/share/ament_index/resource_index/parent_prefix_path/vodom_first
-- Symlinking: /home/jorgelop/vo_ws/install/vodom_first/share/vodom_first/environment/ament_prefix_path.sh
-- Symlinking: /home/jorgelop/vo_ws/install/vodom_first/share/vodom_first/environment/ament_prefix_path.dsv
-- Symlinking: /home/jorgelop/vo_ws/install/vodom_first/share/vodom_first/environment/path.sh
-- Symlinking: /home/jorgelop/vo_ws/install/vodom_first/share/vodom_first/environment/path.dsv
-- Symlinking: /home/jorgelop/vo_ws/install/vodom_first/share/vodom_first/local_setup.bash
-- Symlinking: /home/jorgelop/vo_ws/install/vodom_first/share/vodom_first/local_setup.sh
-- Symlinking: /home/jorgelop/vo_ws/install/vodom_first/share/vodom_first/local_setup.zsh
-- Symlinking: /home/jorgelop/vo_ws/install/vodom_first/share/vodom_first/local_setup.dsv
-- Symlinking: /home/jorgelop/vo_ws/install/vodom_first/share/vodom_first/package.dsv
-- Symlinking: /home/jorgelop/vo_ws/install/vodom_first/share/ament_index/resource_index/packages/vodom_first
-- Symlinking: /home/jorgelop/vo_ws/install/vodom_first/share/vodom_first/cmake/vodom_firstConfig.cmake
-- Symlinking: /home/jorgelop/vo_ws/install/vodom_first/share/vodom_first/cmake/vodom_firstConfig-version.cmake
-- Symlinking: /home/jorgelop/vo_ws/install/vodom_first/share/vodom_first/package.xml
