[0.007s] Invoking command in '/home/jorgelop/vo_ws/build/vodom_first': CMAKE_PREFIX_PATH=${CMAKE_PREFIX_PATH}:/opt/ros/humble /usr/bin/cmake /home/jorgelop/vo_ws/src/vodom_first -DAMENT_CMAKE_SYMLINK_INSTALL=1 -DCMAKE_INSTALL_PREFIX=/home/jorgelop/vo_ws/install/vodom_first
[0.049s] -- The C compiler identification is GNU 11.4.0
[0.090s] -- The CXX compiler identification is GNU 11.4.0
[0.095s] -- Detecting C compiler ABI info
[0.151s] -- Detecting C compiler ABI info - done
[0.156s] -- Check for working C compiler: /usr/bin/cc - skipped
[0.156s] -- Detecting C compile features
[0.156s] -- Detecting C compile features - done
[0.158s] -- Detecting CXX compiler ABI info
[0.219s] -- Detecting CXX compiler ABI info - done
[0.224s] -- Check for working CXX compiler: /usr/bin/c++ - skipped
[0.224s] -- Detecting CXX compile features
[0.224s] -- Detecting CXX compile features - done
[0.226s] -- Found ament_cmake: 1.3.12 (/opt/ros/humble/share/ament_cmake/cmake)
[0.505s] -- Found Python3: /usr/bin/python3 (found version "3.10.12") found components: Interpreter 
[0.551s] -- Override CMake install command with custom implementation using symlinks instead of copying resources
[0.569s] -- Found rclcpp: 16.0.14 (/opt/ros/humble/share/rclcpp/cmake)
[0.599s] -- Found rosidl_generator_c: 3.1.7 (/opt/ros/humble/share/rosidl_generator_c/cmake)
[0.603s] -- Found rosidl_adapter: 3.1.7 (/opt/ros/humble/share/rosidl_adapter/cmake)
[0.608s] -- Found rosidl_generator_cpp: 3.1.7 (/opt/ros/humble/share/rosidl_generator_cpp/cmake)
[0.617s] -- Using all available rosidl_typesupport_c: rosidl_typesupport_fastrtps_c;rosidl_typesupport_introspection_c
[0.628s] -- Using all available rosidl_typesupport_cpp: rosidl_typesupport_fastrtps_cpp;rosidl_typesupport_introspection_cpp
[0.659s] -- Found rmw_implementation_cmake: 6.1.2 (/opt/ros/humble/share/rmw_implementation_cmake/cmake)
[0.660s] -- Found rmw_fastrtps_cpp: 6.2.8 (/opt/ros/humble/share/rmw_fastrtps_cpp/cmake)
[0.732s] -- Found OpenSSL: /usr/lib/x86_64-linux-gnu/libcrypto.so (found version "3.0.2")  
[0.756s] -- Found FastRTPS: /opt/ros/humble/include  
[0.791s] -- Using RMW implementation 'rmw_fastrtps_cpp' as default
[0.797s] -- Looking for pthread.h
[0.854s] -- Looking for pthread.h - found
[0.854s] -- Performing Test CMAKE_HAVE_LIBC_PTHREAD
[0.911s] -- Performing Test CMAKE_HAVE_LIBC_PTHREAD - Success
[0.912s] -- Found Threads: TRUE  
[0.947s] -- Found nav_msgs: 4.9.0 (/opt/ros/humble/share/nav_msgs/cmake)
[0.972s] -- Found OpenCV: /usr (found version "4.5.4") 
[0.978s] -- Found ament_lint_auto: 0.12.14 (/opt/ros/humble/share/ament_lint_auto/cmake)
[1.035s] -- Added test 'cppcheck' to perform static code analysis on C / C++ code
[1.036s] -- Configured cppcheck include dirs: 
[1.036s] -- Configured cppcheck exclude dirs and/or files: 
[1.037s] -- Added test 'lint_cmake' to check CMake code style
[1.039s] -- Added test 'uncrustify' to check C / C++ code style
[1.039s] -- Configured uncrustify additional arguments: 
[1.040s] -- Added test 'xmllint' to check XML markup files
[1.041s] -- Configuring done
[1.059s] -- Generating done
[1.065s] -- Build files have been written to: /home/jorgelop/vo_ws/build/vodom_first
[1.074s] Invoked command in '/home/jorgelop/vo_ws/build/vodom_first' returned '0': CMAKE_PREFIX_PATH=${CMAKE_PREFIX_PATH}:/opt/ros/humble /usr/bin/cmake /home/jorgelop/vo_ws/src/vodom_first -DAMENT_CMAKE_SYMLINK_INSTALL=1 -DCMAKE_INSTALL_PREFIX=/home/jorgelop/vo_ws/install/vodom_first
[1.076s] Invoking command in '/home/jorgelop/vo_ws/build/vodom_first': CMAKE_PREFIX_PATH=${CMAKE_PREFIX_PATH}:/opt/ros/humble /usr/bin/cmake --build /home/jorgelop/vo_ws/build/vodom_first -- -j16 -l16
[1.116s] [ 50%] [32mBuilding CXX object CMakeFiles/vodom_first_node.dir/src/vodom_first_node.cpp.o[0m
[1.116s] [ 50%] [32mBuilding CXX object CMakeFiles/ground_truth_path_node.dir/src/ground_truth_path_node.cpp.o[0m
[1.116s] [ 50%] [32mBuilding CXX object CMakeFiles/minimal_path_publisher.dir/src/minimal_path_publisher.cpp.o[0m
[1.116s] [ 50%] [32mBuilding CXX object CMakeFiles/visual_odometry_node.dir/src/visual_odometry_node.cpp.o[0m
[1.116s] [ 50%] [32mBuilding CXX object CMakeFiles/listener_node.dir/src/listener_node.cpp.o[0m
[4.866s] [ 60%] [32m[1mLinking CXX executable vodom_first_node[0m
[4.923s] [ 70%] [32m[1mLinking CXX executable minimal_path_publisher[0m
[5.035s] [ 70%] Built target vodom_first_node
[5.048s] [ 80%] [32m[1mLinking CXX executable ground_truth_path_node[0m
[5.095s] [ 80%] Built target minimal_path_publisher
[5.215s] [ 80%] Built target ground_truth_path_node
[6.394s] [ 90%] [32m[1mLinking CXX executable visual_odometry_node[0m
[6.751s] [ 90%] Built target visual_odometry_node
[7.557s] [100%] [32m[1mLinking CXX executable listener_node[0m
[7.791s] [100%] Built target listener_node
[7.800s] Invoked command in '/home/jorgelop/vo_ws/build/vodom_first' returned '0': CMAKE_PREFIX_PATH=${CMAKE_PREFIX_PATH}:/opt/ros/humble /usr/bin/cmake --build /home/jorgelop/vo_ws/build/vodom_first -- -j16 -l16
[7.808s] Invoking command in '/home/jorgelop/vo_ws/build/vodom_first': CMAKE_PREFIX_PATH=${CMAKE_PREFIX_PATH}:/opt/ros/humble /usr/bin/cmake --install /home/jorgelop/vo_ws/build/vodom_first
[7.813s] -- Install configuration: ""
[7.813s] -- Execute custom install script
[7.814s] -- Symlinking: /home/jorgelop/vo_ws/install/vodom_first/lib/vodom_first/vodom_first_node
[7.820s] -- Symlinking: /home/jorgelop/vo_ws/install/vodom_first/lib/vodom_first/listener_node
[7.827s] -- Symlinking: /home/jorgelop/vo_ws/install/vodom_first/lib/vodom_first/visual_odometry_node
[7.834s] -- Symlinking: /home/jorgelop/vo_ws/install/vodom_first/lib/vodom_first/ground_truth_path_node
[7.840s] -- Symlinking: /home/jorgelop/vo_ws/install/vodom_first/lib/vodom_first/minimal_path_publisher
[7.848s] -- Symlinking: /home/jorgelop/vo_ws/install/vodom_first/share/ament_index/resource_index/package_run_dependencies/vodom_first
[7.855s] -- Symlinking: /home/jorgelop/vo_ws/install/vodom_first/share/ament_index/resource_index/parent_prefix_path/vodom_first
[7.862s] -- Symlinking: /home/jorgelop/vo_ws/install/vodom_first/share/vodom_first/environment/ament_prefix_path.sh
[7.869s] -- Symlinking: /home/jorgelop/vo_ws/install/vodom_first/share/vodom_first/environment/ament_prefix_path.dsv
[7.876s] -- Symlinking: /home/jorgelop/vo_ws/install/vodom_first/share/vodom_first/environment/path.sh
[7.883s] -- Symlinking: /home/jorgelop/vo_ws/install/vodom_first/share/vodom_first/environment/path.dsv
[7.889s] -- Symlinking: /home/jorgelop/vo_ws/install/vodom_first/share/vodom_first/local_setup.bash
[7.896s] -- Symlinking: /home/jorgelop/vo_ws/install/vodom_first/share/vodom_first/local_setup.sh
[7.902s] -- Symlinking: /home/jorgelop/vo_ws/install/vodom_first/share/vodom_first/local_setup.zsh
[7.909s] -- Symlinking: /home/jorgelop/vo_ws/install/vodom_first/share/vodom_first/local_setup.dsv
[7.915s] -- Symlinking: /home/jorgelop/vo_ws/install/vodom_first/share/vodom_first/package.dsv
[7.922s] -- Symlinking: /home/jorgelop/vo_ws/install/vodom_first/share/ament_index/resource_index/packages/vodom_first
[7.928s] -- Symlinking: /home/jorgelop/vo_ws/install/vodom_first/share/vodom_first/cmake/vodom_firstConfig.cmake
[7.935s] -- Symlinking: /home/jorgelop/vo_ws/install/vodom_first/share/vodom_first/cmake/vodom_firstConfig-version.cmake
[7.942s] -- Symlinking: /home/jorgelop/vo_ws/install/vodom_first/share/vodom_first/package.xml
[7.951s] Invoked command in '/home/jorgelop/vo_ws/build/vodom_first' returned '0': CMAKE_PREFIX_PATH=${CMAKE_PREFIX_PATH}:/opt/ros/humble /usr/bin/cmake --install /home/jorgelop/vo_ws/build/vodom_first
