[0.008s] Invoking command in '/home/jorgelop/vo_ws/build/vodom_first': CMAKE_PREFIX_PATH=${CMAKE_PREFIX_PATH}:/opt/ros/humble /usr/bin/cmake --build /home/jorgelop/vo_ws/build/vodom_first -- -j16 -l16
[0.042s] [35m[1mConsolidate compiler generated dependencies of target visual_odo_Uli[0m
[0.053s] [ 66%] Built target visual_odometry_node
[0.053s] [ 66%] Built target minimal_path_publisher
[0.053s] [ 66%] Built target ground_truth_path_node
[0.053s] [ 66%] Built target vodom_first_node
[0.053s] [ 83%] Built target listener_node
[0.057s] [ 91%] [32mBuilding CXX object CMakeFiles/visual_odo_Uli.dir/src/visual_odo_Uli.cpp.o[0m
[2.285s] [01m[K/home/jorgelop/vo_ws/src/vodom_first/src/visual_odo_Uli.cpp:[m[K In member function ‘[01m[Kcv::Mat VisualOdometryUli::getPose(const std::vector<cv::Point_<float> >&, const std::vector<cv::Point_<float> >&)[m[K’:
[2.285s] [01m[K/home/jorgelop/vo_ws/src/vodom_first/src/visual_odo_Uli.cpp:143:30:[m[K [01;35m[Kwarning: [m[Kcomparison of integer expressions of different signedness: ‘[01m[Ksize_t[m[K’ {aka ‘[01m[Klong unsigned int[m[K’} and ‘[01m[Kint[m[K’ [[01;35m[K]8;;https://gcc.gnu.org/onlinedocs/gcc/Warning-Options.html#index-Wsign-compare-Wsign-compare]8;;[m[K]
[2.285s]   143 |         for (size_t i = 0; [01;35m[Ki < mask.rows[m[K; ++i) {
[2.285s]       |                            [01;35m[K~~^~~~~~~~~~~[m[K
[4.456s] [100%] [32m[1mLinking CXX executable visual_odo_Uli[0m
[4.792s] [100%] Built target visual_odo_Uli
[4.801s] Invoked command in '/home/jorgelop/vo_ws/build/vodom_first' returned '0': CMAKE_PREFIX_PATH=${CMAKE_PREFIX_PATH}:/opt/ros/humble /usr/bin/cmake --build /home/jorgelop/vo_ws/build/vodom_first -- -j16 -l16
[4.809s] Invoking command in '/home/jorgelop/vo_ws/build/vodom_first': CMAKE_PREFIX_PATH=${CMAKE_PREFIX_PATH}:/opt/ros/humble /usr/bin/cmake --install /home/jorgelop/vo_ws/build/vodom_first
[4.815s] -- Install configuration: ""
[4.815s] -- Execute custom install script
[4.815s] -- Up-to-date symlink: /home/jorgelop/vo_ws/install/vodom_first/lib/vodom_first/vodom_first_node
[4.815s] -- Up-to-date symlink: /home/jorgelop/vo_ws/install/vodom_first/lib/vodom_first/listener_node
[4.816s] -- Up-to-date symlink: /home/jorgelop/vo_ws/install/vodom_first/lib/vodom_first/visual_odometry_node
[4.816s] -- Symlinking: /home/jorgelop/vo_ws/install/vodom_first/lib/vodom_first/visual_odo_Uli
[4.822s] -- Up-to-date symlink: /home/jorgelop/vo_ws/install/vodom_first/lib/vodom_first/ground_truth_path_node
[4.822s] -- Up-to-date symlink: /home/jorgelop/vo_ws/install/vodom_first/lib/vodom_first/minimal_path_publisher
[4.823s] -- Up-to-date symlink: /home/jorgelop/vo_ws/install/vodom_first/share/ament_index/resource_index/package_run_dependencies/vodom_first
[4.823s] -- Up-to-date symlink: /home/jorgelop/vo_ws/install/vodom_first/share/ament_index/resource_index/parent_prefix_path/vodom_first
[4.823s] -- Up-to-date symlink: /home/jorgelop/vo_ws/install/vodom_first/share/vodom_first/environment/ament_prefix_path.sh
[4.823s] -- Up-to-date symlink: /home/jorgelop/vo_ws/install/vodom_first/share/vodom_first/environment/ament_prefix_path.dsv
[4.823s] -- Up-to-date symlink: /home/jorgelop/vo_ws/install/vodom_first/share/vodom_first/environment/path.sh
[4.824s] -- Up-to-date symlink: /home/jorgelop/vo_ws/install/vodom_first/share/vodom_first/environment/path.dsv
[4.824s] -- Up-to-date symlink: /home/jorgelop/vo_ws/install/vodom_first/share/vodom_first/local_setup.bash
[4.824s] -- Up-to-date symlink: /home/jorgelop/vo_ws/install/vodom_first/share/vodom_first/local_setup.sh
[4.824s] -- Up-to-date symlink: /home/jorgelop/vo_ws/install/vodom_first/share/vodom_first/local_setup.zsh
[4.824s] -- Up-to-date symlink: /home/jorgelop/vo_ws/install/vodom_first/share/vodom_first/local_setup.dsv
[4.824s] -- Symlinking: /home/jorgelop/vo_ws/install/vodom_first/share/vodom_first/package.dsv
[4.831s] -- Up-to-date symlink: /home/jorgelop/vo_ws/install/vodom_first/share/ament_index/resource_index/packages/vodom_first
[4.831s] -- Up-to-date symlink: /home/jorgelop/vo_ws/install/vodom_first/share/vodom_first/cmake/vodom_firstConfig.cmake
[4.831s] -- Up-to-date symlink: /home/jorgelop/vo_ws/install/vodom_first/share/vodom_first/cmake/vodom_firstConfig-version.cmake
[4.832s] -- Up-to-date symlink: /home/jorgelop/vo_ws/install/vodom_first/share/vodom_first/package.xml
[4.834s] Invoked command in '/home/jorgelop/vo_ws/build/vodom_first' returned '0': CMAKE_PREFIX_PATH=${CMAKE_PREFIX_PATH}:/opt/ros/humble /usr/bin/cmake --install /home/jorgelop/vo_ws/build/vodom_first
