[0.072s] DEBUG:colcon:Command line arguments: ['/usr/bin/colcon', 'build', '--symlink-install', '--packages-select', 'vodom_first']
[0.072s] DEBUG:colcon:Parsed command line arguments: Namespace(log_base=None, log_level=None, verb_name='build', build_base='build', install_base='install', merge_install=False, symlink_install=True, test_result_base=None, continue_on_error=False, executor='parallel', parallel_workers=16, event_handlers=None, ignore_user_meta=False, metas=['./colcon.meta'], base_paths=['.'], packages_ignore=None, packages_ignore_regex=None, paths=None, packages_up_to=None, packages_up_to_regex=None, packages_above=None, packages_above_and_dependencies=None, packages_above_depth=None, packages_select_by_dep=None, packages_skip_by_dep=None, packages_skip_up_to=None, packages_select_build_failed=False, packages_skip_build_finished=False, packages_select_test_failures=False, packages_skip_test_passed=False, packages_select=['vodom_first'], packages_skip=None, packages_select_regex=None, packages_skip_regex=None, packages_start=None, packages_end=None, allow_overriding=[], cmake_args=None, cmake_target=None, cmake_target_skip_unavailable=False, cmake_clean_cache=False, cmake_clean_first=False, cmake_force_configure=False, ament_cmake_args=None, catkin_cmake_args=None, catkin_skip_building_tests=False, verb_parser=<colcon_defaults.argument_parser.defaults.DefaultArgumentsDecorator object at 0x7de7dc458cd0>, verb_extension=<colcon_core.verb.build.BuildVerb object at 0x7de7dc5d1960>, main=<bound method BuildVerb.main of <colcon_core.verb.build.BuildVerb object at 0x7de7dc5d1960>>)
[0.108s] Level 1:colcon.colcon_core.package_discovery:discover_packages(colcon_meta) check parameters
[0.108s] Level 1:colcon.colcon_core.package_discovery:discover_packages(recursive) check parameters
[0.108s] Level 1:colcon.colcon_core.package_discovery:discover_packages(ignore) check parameters
[0.108s] Level 1:colcon.colcon_core.package_discovery:discover_packages(path) check parameters
[0.108s] Level 1:colcon.colcon_core.package_discovery:discover_packages(colcon_meta) discover
[0.108s] Level 1:colcon.colcon_core.package_discovery:discover_packages(recursive) discover
[0.108s] INFO:colcon.colcon_core.package_discovery:Crawling recursively for packages in '/home/jorgelop/vo_ws'
[0.108s] Level 1:colcon.colcon_core.package_identification:_identify(.) by extensions ['ignore', 'ignore_ament_install']
[0.108s] Level 1:colcon.colcon_core.package_identification:_identify(.) by extension 'ignore'
[0.108s] Level 1:colcon.colcon_core.package_identification:_identify(.) by extension 'ignore_ament_install'
[0.108s] Level 1:colcon.colcon_core.package_identification:_identify(.) by extensions ['colcon_pkg']
[0.108s] Level 1:colcon.colcon_core.package_identification:_identify(.) by extension 'colcon_pkg'
[0.108s] Level 1:colcon.colcon_core.package_identification:_identify(.) by extensions ['colcon_meta']
[0.108s] Level 1:colcon.colcon_core.package_identification:_identify(.) by extension 'colcon_meta'
[0.108s] Level 1:colcon.colcon_core.package_identification:_identify(.) by extensions ['ros']
[0.108s] Level 1:colcon.colcon_core.package_identification:_identify(.) by extension 'ros'
[0.110s] Level 1:colcon.colcon_core.package_identification:_identify(.) by extensions ['cmake', 'python']
[0.110s] Level 1:colcon.colcon_core.package_identification:_identify(.) by extension 'cmake'
[0.111s] Level 1:colcon.colcon_core.package_identification:_identify(.) by extension 'python'
[0.111s] Level 1:colcon.colcon_core.package_identification:_identify(.) by extensions ['python_setup_py']
[0.111s] Level 1:colcon.colcon_core.package_identification:_identify(.) by extension 'python_setup_py'
[0.111s] Level 1:colcon.colcon_core.package_identification:_identify(build) by extensions ['ignore', 'ignore_ament_install']
[0.111s] Level 1:colcon.colcon_core.package_identification:_identify(build) by extension 'ignore'
[0.111s] Level 1:colcon.colcon_core.package_identification:_identify(build) ignored
[0.111s] Level 1:colcon.colcon_core.package_identification:_identify(install) by extensions ['ignore', 'ignore_ament_install']
[0.111s] Level 1:colcon.colcon_core.package_identification:_identify(install) by extension 'ignore'
[0.111s] Level 1:colcon.colcon_core.package_identification:_identify(install) ignored
[0.111s] Level 1:colcon.colcon_core.package_identification:_identify(log) by extensions ['ignore', 'ignore_ament_install']
[0.111s] Level 1:colcon.colcon_core.package_identification:_identify(log) by extension 'ignore'
[0.111s] Level 1:colcon.colcon_core.package_identification:_identify(log) ignored
[0.111s] Level 1:colcon.colcon_core.package_identification:_identify(src) by extensions ['ignore', 'ignore_ament_install']
[0.111s] Level 1:colcon.colcon_core.package_identification:_identify(src) by extension 'ignore'
[0.111s] Level 1:colcon.colcon_core.package_identification:_identify(src) by extension 'ignore_ament_install'
[0.111s] Level 1:colcon.colcon_core.package_identification:_identify(src) by extensions ['colcon_pkg']
[0.111s] Level 1:colcon.colcon_core.package_identification:_identify(src) by extension 'colcon_pkg'
[0.111s] Level 1:colcon.colcon_core.package_identification:_identify(src) by extensions ['colcon_meta']
[0.111s] Level 1:colcon.colcon_core.package_identification:_identify(src) by extension 'colcon_meta'
[0.111s] Level 1:colcon.colcon_core.package_identification:_identify(src) by extensions ['ros']
[0.111s] Level 1:colcon.colcon_core.package_identification:_identify(src) by extension 'ros'
[0.111s] Level 1:colcon.colcon_core.package_identification:_identify(src) by extensions ['cmake', 'python']
[0.111s] Level 1:colcon.colcon_core.package_identification:_identify(src) by extension 'cmake'
[0.111s] Level 1:colcon.colcon_core.package_identification:_identify(src) by extension 'python'
[0.111s] Level 1:colcon.colcon_core.package_identification:_identify(src) by extensions ['python_setup_py']
[0.111s] Level 1:colcon.colcon_core.package_identification:_identify(src) by extension 'python_setup_py'
[0.112s] Level 1:colcon.colcon_core.package_identification:_identify(src/vodom_first) by extensions ['ignore', 'ignore_ament_install']
[0.112s] Level 1:colcon.colcon_core.package_identification:_identify(src/vodom_first) by extension 'ignore'
[0.112s] Level 1:colcon.colcon_core.package_identification:_identify(src/vodom_first) by extension 'ignore_ament_install'
[0.112s] Level 1:colcon.colcon_core.package_identification:_identify(src/vodom_first) by extensions ['colcon_pkg']
[0.112s] Level 1:colcon.colcon_core.package_identification:_identify(src/vodom_first) by extension 'colcon_pkg'
[0.112s] Level 1:colcon.colcon_core.package_identification:_identify(src/vodom_first) by extensions ['colcon_meta']
[0.112s] Level 1:colcon.colcon_core.package_identification:_identify(src/vodom_first) by extension 'colcon_meta'
[0.112s] Level 1:colcon.colcon_core.package_identification:_identify(src/vodom_first) by extensions ['ros']
[0.112s] Level 1:colcon.colcon_core.package_identification:_identify(src/vodom_first) by extension 'ros'
[0.113s] DEBUG:colcon.colcon_core.package_identification:Package 'src/vodom_first' with type 'ros.ament_cmake' and name 'vodom_first'
[0.114s] Level 1:colcon.colcon_core.package_discovery:discover_packages(recursive) using defaults
[0.114s] Level 1:colcon.colcon_core.package_discovery:discover_packages(ignore) discover
[0.114s] Level 1:colcon.colcon_core.package_discovery:discover_packages(ignore) using defaults
[0.114s] Level 1:colcon.colcon_core.package_discovery:discover_packages(path) discover
[0.114s] Level 1:colcon.colcon_core.package_discovery:discover_packages(path) using defaults
[0.127s] Level 1:colcon.colcon_core.package_discovery:discover_packages(prefix_path) check parameters
[0.127s] Level 1:colcon.colcon_core.package_discovery:discover_packages(prefix_path) discover
[0.127s] WARNING:colcon.colcon_core.prefix_path.colcon:The path '/home/jorgelop/Documents/VantTec_SDV_SWARM/SDV_Proyect/SDV_VODOM_FER/vo_ws/install' in the environment variable COLCON_PREFIX_PATH doesn't exist
[0.128s] WARNING:colcon.colcon_ros.prefix_path.ament:The path '/home/jorgelop/Documents/VantTec_SDV_SWARM/SDV_Proyect/SDV_VODOM_FER/vo_ws/install/vodom_first' in the environment variable AMENT_PREFIX_PATH doesn't exist
[0.128s] WARNING:colcon.colcon_ros.prefix_path.catkin:The path '/home/jorgelop/Documents/VantTec_SDV_SWARM/SDV_Proyect/SDV_VODOM_FER/vo_ws/install/vodom_first' in the environment variable CMAKE_PREFIX_PATH doesn't exist
[0.129s] DEBUG:colcon.colcon_installed_package_information.package_discovery:Found 312 installed packages in /opt/ros/humble
[0.130s] Level 1:colcon.colcon_core.package_discovery:discover_packages(prefix_path) using defaults
[0.158s] Level 5:colcon.colcon_core.verb:set package 'vodom_first' build argument 'cmake_args' from command line to 'None'
[0.158s] Level 5:colcon.colcon_core.verb:set package 'vodom_first' build argument 'cmake_target' from command line to 'None'
[0.158s] Level 5:colcon.colcon_core.verb:set package 'vodom_first' build argument 'cmake_target_skip_unavailable' from command line to 'False'
[0.158s] Level 5:colcon.colcon_core.verb:set package 'vodom_first' build argument 'cmake_clean_cache' from command line to 'False'
[0.158s] Level 5:colcon.colcon_core.verb:set package 'vodom_first' build argument 'cmake_clean_first' from command line to 'False'
[0.158s] Level 5:colcon.colcon_core.verb:set package 'vodom_first' build argument 'cmake_force_configure' from command line to 'False'
[0.158s] Level 5:colcon.colcon_core.verb:set package 'vodom_first' build argument 'ament_cmake_args' from command line to 'None'
[0.158s] Level 5:colcon.colcon_core.verb:set package 'vodom_first' build argument 'catkin_cmake_args' from command line to 'None'
[0.158s] Level 5:colcon.colcon_core.verb:set package 'vodom_first' build argument 'catkin_skip_building_tests' from command line to 'False'
[0.158s] DEBUG:colcon.colcon_core.verb:Building package 'vodom_first' with the following arguments: {'ament_cmake_args': None, 'build_base': '/home/jorgelop/vo_ws/build/vodom_first', 'catkin_cmake_args': None, 'catkin_skip_building_tests': False, 'cmake_args': None, 'cmake_clean_cache': False, 'cmake_clean_first': False, 'cmake_force_configure': False, 'cmake_target': None, 'cmake_target_skip_unavailable': False, 'install_base': '/home/jorgelop/vo_ws/install/vodom_first', 'merge_install': False, 'path': '/home/jorgelop/vo_ws/src/vodom_first', 'symlink_install': True, 'test_result_base': None}
[0.159s] INFO:colcon.colcon_core.executor:Executing jobs using 'parallel' executor
[0.159s] DEBUG:colcon.colcon_parallel_executor.executor.parallel:run_until_complete
[0.160s] INFO:colcon.colcon_ros.task.ament_cmake.build:Building ROS package in '/home/jorgelop/vo_ws/src/vodom_first' with build type 'ament_cmake'
[0.160s] INFO:colcon.colcon_cmake.task.cmake.build:Building CMake package in '/home/jorgelop/vo_ws/src/vodom_first'
[0.161s] INFO:colcon.colcon_core.plugin_system:Skipping extension 'colcon_core.shell.bat': Not used on non-Windows systems
[0.161s] INFO:colcon.colcon_core.shell:Skip shell extension 'powershell' for command environment: Not usable outside of PowerShell
[0.161s] DEBUG:colcon.colcon_core.shell:Skip shell extension 'dsv' for command environment
[0.167s] DEBUG:colcon.colcon_core.event_handler.log_command:Invoking command in '/home/jorgelop/vo_ws/build/vodom_first': CMAKE_PREFIX_PATH=${CMAKE_PREFIX_PATH}:/opt/ros/humble /usr/bin/cmake /home/jorgelop/vo_ws/src/vodom_first -DAMENT_CMAKE_SYMLINK_INSTALL=1 -DCMAKE_INSTALL_PREFIX=/home/jorgelop/vo_ws/install/vodom_first
[1.234s] DEBUG:colcon.colcon_core.event_handler.log_command:Invoked command in '/home/jorgelop/vo_ws/build/vodom_first' returned '0': CMAKE_PREFIX_PATH=${CMAKE_PREFIX_PATH}:/opt/ros/humble /usr/bin/cmake /home/jorgelop/vo_ws/src/vodom_first -DAMENT_CMAKE_SYMLINK_INSTALL=1 -DCMAKE_INSTALL_PREFIX=/home/jorgelop/vo_ws/install/vodom_first
[1.236s] DEBUG:colcon.colcon_core.event_handler.log_command:Invoking command in '/home/jorgelop/vo_ws/build/vodom_first': CMAKE_PREFIX_PATH=${CMAKE_PREFIX_PATH}:/opt/ros/humble /usr/bin/cmake --build /home/jorgelop/vo_ws/build/vodom_first -- -j16 -l16
[7.960s] DEBUG:colcon.colcon_core.event_handler.log_command:Invoked command in '/home/jorgelop/vo_ws/build/vodom_first' returned '0': CMAKE_PREFIX_PATH=${CMAKE_PREFIX_PATH}:/opt/ros/humble /usr/bin/cmake --build /home/jorgelop/vo_ws/build/vodom_first -- -j16 -l16
[7.968s] DEBUG:colcon.colcon_core.event_handler.log_command:Invoking command in '/home/jorgelop/vo_ws/build/vodom_first': CMAKE_PREFIX_PATH=${CMAKE_PREFIX_PATH}:/opt/ros/humble /usr/bin/cmake --install /home/jorgelop/vo_ws/build/vodom_first
[8.110s] Level 1:colcon.colcon_core.environment:create_environment_scripts_only(vodom_first)
[8.111s] DEBUG:colcon.colcon_core.event_handler.log_command:Invoked command in '/home/jorgelop/vo_ws/build/vodom_first' returned '0': CMAKE_PREFIX_PATH=${CMAKE_PREFIX_PATH}:/opt/ros/humble /usr/bin/cmake --install /home/jorgelop/vo_ws/build/vodom_first
[8.112s] Level 1:colcon.colcon_core.environment:checking '/home/jorgelop/vo_ws/install/vodom_first' for CMake module files
[8.113s] Level 1:colcon.colcon_core.environment:checking '/home/jorgelop/vo_ws/install/vodom_first' for CMake config files
[8.113s] Level 1:colcon.colcon_core.shell:create_environment_hook('vodom_first', 'cmake_prefix_path')
[8.113s] INFO:colcon.colcon_core.shell:Creating environment hook '/home/jorgelop/vo_ws/install/vodom_first/share/vodom_first/hook/cmake_prefix_path.ps1'
[8.114s] INFO:colcon.colcon_core.shell:Creating environment descriptor '/home/jorgelop/vo_ws/install/vodom_first/share/vodom_first/hook/cmake_prefix_path.dsv'
[8.114s] INFO:colcon.colcon_core.shell:Creating environment hook '/home/jorgelop/vo_ws/install/vodom_first/share/vodom_first/hook/cmake_prefix_path.sh'
[8.114s] Level 1:colcon.colcon_core.environment:checking '/home/jorgelop/vo_ws/install/vodom_first/lib'
[8.115s] Level 1:colcon.colcon_core.environment:checking '/home/jorgelop/vo_ws/install/vodom_first/bin'
[8.115s] Level 1:colcon.colcon_core.environment:checking '/home/jorgelop/vo_ws/install/vodom_first/lib/pkgconfig/vodom_first.pc'
[8.115s] Level 1:colcon.colcon_core.environment:checking '/home/jorgelop/vo_ws/install/vodom_first/lib/python3.10/site-packages'
[8.115s] Level 1:colcon.colcon_core.environment:checking '/home/jorgelop/vo_ws/install/vodom_first/bin'
[8.115s] INFO:colcon.colcon_core.shell:Creating package script '/home/jorgelop/vo_ws/install/vodom_first/share/vodom_first/package.ps1'
[8.116s] INFO:colcon.colcon_core.shell:Creating package descriptor '/home/jorgelop/vo_ws/install/vodom_first/share/vodom_first/package.dsv'
[8.116s] INFO:colcon.colcon_core.shell:Creating package script '/home/jorgelop/vo_ws/install/vodom_first/share/vodom_first/package.sh'
[8.117s] INFO:colcon.colcon_core.shell:Creating package script '/home/jorgelop/vo_ws/install/vodom_first/share/vodom_first/package.bash'
[8.117s] INFO:colcon.colcon_core.shell:Creating package script '/home/jorgelop/vo_ws/install/vodom_first/share/vodom_first/package.zsh'
[8.117s] Level 1:colcon.colcon_core.environment:create_file_with_runtime_dependencies(/home/jorgelop/vo_ws/install/vodom_first/share/colcon-core/packages/vodom_first)
[8.118s] Level 1:colcon.colcon_core.environment:create_environment_scripts_only(vodom_first)
[8.118s] Level 1:colcon.colcon_core.environment:checking '/home/jorgelop/vo_ws/install/vodom_first' for CMake module files
[8.118s] Level 1:colcon.colcon_core.environment:checking '/home/jorgelop/vo_ws/install/vodom_first' for CMake config files
[8.118s] Level 1:colcon.colcon_core.shell:create_environment_hook('vodom_first', 'cmake_prefix_path')
[8.119s] INFO:colcon.colcon_core.shell:Creating environment hook '/home/jorgelop/vo_ws/install/vodom_first/share/vodom_first/hook/cmake_prefix_path.ps1'
[8.119s] INFO:colcon.colcon_core.shell:Creating environment descriptor '/home/jorgelop/vo_ws/install/vodom_first/share/vodom_first/hook/cmake_prefix_path.dsv'
[8.119s] INFO:colcon.colcon_core.shell:Creating environment hook '/home/jorgelop/vo_ws/install/vodom_first/share/vodom_first/hook/cmake_prefix_path.sh'
[8.119s] Level 1:colcon.colcon_core.environment:checking '/home/jorgelop/vo_ws/install/vodom_first/lib'
[8.119s] Level 1:colcon.colcon_core.environment:checking '/home/jorgelop/vo_ws/install/vodom_first/bin'
[8.120s] Level 1:colcon.colcon_core.environment:checking '/home/jorgelop/vo_ws/install/vodom_first/lib/pkgconfig/vodom_first.pc'
[8.120s] Level 1:colcon.colcon_core.environment:checking '/home/jorgelop/vo_ws/install/vodom_first/lib/python3.10/site-packages'
[8.120s] Level 1:colcon.colcon_core.environment:checking '/home/jorgelop/vo_ws/install/vodom_first/bin'
[8.120s] INFO:colcon.colcon_core.shell:Creating package script '/home/jorgelop/vo_ws/install/vodom_first/share/vodom_first/package.ps1'
[8.120s] INFO:colcon.colcon_core.shell:Creating package descriptor '/home/jorgelop/vo_ws/install/vodom_first/share/vodom_first/package.dsv'
[8.121s] INFO:colcon.colcon_core.shell:Creating package script '/home/jorgelop/vo_ws/install/vodom_first/share/vodom_first/package.sh'
[8.121s] INFO:colcon.colcon_core.shell:Creating package script '/home/jorgelop/vo_ws/install/vodom_first/share/vodom_first/package.bash'
[8.121s] INFO:colcon.colcon_core.shell:Creating package script '/home/jorgelop/vo_ws/install/vodom_first/share/vodom_first/package.zsh'
[8.121s] Level 1:colcon.colcon_core.environment:create_file_with_runtime_dependencies(/home/jorgelop/vo_ws/install/vodom_first/share/colcon-core/packages/vodom_first)
[8.122s] DEBUG:colcon.colcon_parallel_executor.executor.parallel:closing loop
[8.122s] DEBUG:colcon.colcon_parallel_executor.executor.parallel:loop closed
[8.122s] DEBUG:colcon.colcon_parallel_executor.executor.parallel:run_until_complete finished with '0'
[8.122s] DEBUG:colcon.colcon_core.event_reactor:joining thread
[8.125s] INFO:colcon.colcon_core.plugin_system:Skipping extension 'colcon_notification.desktop_notification.terminal_notifier': Not used on non-Darwin systems
[8.125s] INFO:colcon.colcon_core.plugin_system:Skipping extension 'colcon_notification.desktop_notification.win32': Not used on non-Windows systems
[8.125s] INFO:colcon.colcon_notification.desktop_notification:Sending desktop notification using 'notify2'
[8.133s] DEBUG:colcon.colcon_core.event_reactor:joined thread
[8.134s] INFO:colcon.colcon_core.shell:Creating prefix script '/home/jorgelop/vo_ws/install/local_setup.ps1'
[8.134s] INFO:colcon.colcon_core.shell:Creating prefix util module '/home/jorgelop/vo_ws/install/_local_setup_util_ps1.py'
[8.135s] INFO:colcon.colcon_core.shell:Creating prefix chain script '/home/jorgelop/vo_ws/install/setup.ps1'
[8.136s] INFO:colcon.colcon_core.shell:Creating prefix script '/home/jorgelop/vo_ws/install/local_setup.sh'
[8.136s] INFO:colcon.colcon_core.shell:Creating prefix util module '/home/jorgelop/vo_ws/install/_local_setup_util_sh.py'
[8.137s] INFO:colcon.colcon_core.shell:Creating prefix chain script '/home/jorgelop/vo_ws/install/setup.sh'
[8.137s] INFO:colcon.colcon_core.shell:Creating prefix script '/home/jorgelop/vo_ws/install/local_setup.bash'
[8.138s] INFO:colcon.colcon_core.shell:Creating prefix chain script '/home/jorgelop/vo_ws/install/setup.bash'
[8.138s] INFO:colcon.colcon_core.shell:Creating prefix script '/home/jorgelop/vo_ws/install/local_setup.zsh'
[8.139s] INFO:colcon.colcon_core.shell:Creating prefix chain script '/home/jorgelop/vo_ws/install/setup.zsh'
