[0.009s] Invoking command in '/home/jorgelop/vo_ws/build/vodom_first': CMAKE_PREFIX_PATH=${CMAKE_PREFIX_PATH}:/opt/ros/humble /usr/bin/cmake --build /home/jorgelop/vo_ws/build/vodom_first -- -j16 -l16
[0.043s] [35m[1mConsolidate compiler generated dependencies of target visual_odo_Uli[0m
[0.054s] [ 66%] Built target visual_odometry_node
[0.054s] [ 66%] Built target vodom_first_node
[0.054s] [ 66%] Built target minimal_path_publisher
[0.054s] [ 66%] Built target ground_truth_path_node
[0.054s] [ 83%] Built target listener_node
[0.057s] [ 91%] [32mBuilding CXX object CMakeFiles/visual_odo_Uli.dir/src/visual_odo_Uli.cpp.o[0m
[4.453s] [100%] [32m[1mLinking CXX executable visual_odo_Uli[0m
[4.787s] [100%] Built target visual_odo_Uli
[4.796s] Invoked command in '/home/jorgelop/vo_ws/build/vodom_first' returned '0': CMAKE_PREFIX_PATH=${CMAKE_PREFIX_PATH}:/opt/ros/humble /usr/bin/cmake --build /home/jorgelop/vo_ws/build/vodom_first -- -j16 -l16
[4.804s] Invoking command in '/home/jorgelop/vo_ws/build/vodom_first': CMAKE_PREFIX_PATH=${CMAKE_PREFIX_PATH}:/opt/ros/humble /usr/bin/cmake --install /home/jorgelop/vo_ws/build/vodom_first
[4.809s] -- Install configuration: ""
[4.810s] -- Execute custom install script
[4.810s] -- Up-to-date symlink: /home/jorgelop/vo_ws/install/vodom_first/lib/vodom_first/vodom_first_node
[4.810s] -- Up-to-date symlink: /home/jorgelop/vo_ws/install/vodom_first/lib/vodom_first/listener_node
[4.810s] -- Up-to-date symlink: /home/jorgelop/vo_ws/install/vodom_first/lib/vodom_first/visual_odometry_node
[4.810s] -- Up-to-date symlink: /home/jorgelop/vo_ws/install/vodom_first/lib/vodom_first/visual_odo_Uli
[4.810s] -- Up-to-date symlink: /home/jorgelop/vo_ws/install/vodom_first/lib/vodom_first/ground_truth_path_node
[4.810s] -- Up-to-date symlink: /home/jorgelop/vo_ws/install/vodom_first/lib/vodom_first/minimal_path_publisher
[4.811s] -- Up-to-date symlink: /home/jorgelop/vo_ws/install/vodom_first/share/ament_index/resource_index/package_run_dependencies/vodom_first
[4.811s] -- Up-to-date symlink: /home/jorgelop/vo_ws/install/vodom_first/share/ament_index/resource_index/parent_prefix_path/vodom_first
[4.811s] -- Up-to-date symlink: /home/jorgelop/vo_ws/install/vodom_first/share/vodom_first/environment/ament_prefix_path.sh
[4.811s] -- Up-to-date symlink: /home/jorgelop/vo_ws/install/vodom_first/share/vodom_first/environment/ament_prefix_path.dsv
[4.811s] -- Up-to-date symlink: /home/jorgelop/vo_ws/install/vodom_first/share/vodom_first/environment/path.sh
[4.811s] -- Up-to-date symlink: /home/jorgelop/vo_ws/install/vodom_first/share/vodom_first/environment/path.dsv
[4.811s] -- Up-to-date symlink: /home/jorgelop/vo_ws/install/vodom_first/share/vodom_first/local_setup.bash
[4.811s] -- Up-to-date symlink: /home/jorgelop/vo_ws/install/vodom_first/share/vodom_first/local_setup.sh
[4.811s] -- Up-to-date symlink: /home/jorgelop/vo_ws/install/vodom_first/share/vodom_first/local_setup.zsh
[4.812s] -- Up-to-date symlink: /home/jorgelop/vo_ws/install/vodom_first/share/vodom_first/local_setup.dsv
[4.812s] -- Symlinking: /home/jorgelop/vo_ws/install/vodom_first/share/vodom_first/package.dsv
[4.819s] -- Up-to-date symlink: /home/jorgelop/vo_ws/install/vodom_first/share/ament_index/resource_index/packages/vodom_first
[4.819s] -- Up-to-date symlink: /home/jorgelop/vo_ws/install/vodom_first/share/vodom_first/cmake/vodom_firstConfig.cmake
[4.819s] -- Up-to-date symlink: /home/jorgelop/vo_ws/install/vodom_first/share/vodom_first/cmake/vodom_firstConfig-version.cmake
[4.820s] -- Up-to-date symlink: /home/jorgelop/vo_ws/install/vodom_first/share/vodom_first/package.xml
[4.822s] Invoked command in '/home/jorgelop/vo_ws/build/vodom_first' returned '0': CMAKE_PREFIX_PATH=${CMAKE_PREFIX_PATH}:/opt/ros/humble /usr/bin/cmake --install /home/jorgelop/vo_ws/build/vodom_first
