[0.010s] Invoking command in '/home/jorgelop/vo_ws/build/vodom_first': CMAKE_PREFIX_PATH=${CMAKE_PREFIX_PATH}:/opt/ros/humble /usr/bin/cmake --build /home/jorgelop/vo_ws/build/vodom_first -- -j16 -l16
[0.073s] [35m[1mConsolidate compiler generated dependencies of target visual_odo_Uli[0m
[0.093s] [ 41%] [32mBuilding CXX object CMakeFiles/minimal_path_publisher.dir/src/minimal_path_publisher.cpp.o[0m
[0.093s] [ 41%] [32mBuilding CXX object CMakeFiles/listener_node.dir/src/listener_node.cpp.o[0m
[0.093s] [ 41%] [32mBuilding CXX object CMakeFiles/ground_truth_path_node.dir/src/ground_truth_path_node.cpp.o[0m
[0.093s] [ 41%] Built target vodom_first_node
[0.093s] [ 50%] [32mBuilding CXX object CMakeFiles/visual_odo_Uli.dir/src/visual_odo_Uli.cpp.o[0m
[0.093s] [ 58%] [32mBuilding CXX object CMakeFiles/visual_odometry_node.dir/src/visual_odometry_node.cpp.o[0m
[4.118s] [ 66%] [32m[1mLinking CXX executable minimal_path_publisher[0m
[4.155s] [ 75%] [32m[1mLinking CXX executable ground_truth_path_node[0m
[4.350s] [ 75%] Built target ground_truth_path_node
[4.356s] [ 75%] Built target minimal_path_publisher
[5.756s] [ 83%] [32m[1mLinking CXX executable visual_odometry_node[0m
[5.809s] [ 91%] [32m[1mLinking CXX executable visual_odo_Uli[0m
[6.252s] [ 91%] Built target visual_odo_Uli
[6.253s] [ 91%] Built target visual_odometry_node
[7.075s] [100%] [32m[1mLinking CXX executable listener_node[0m
[7.330s] [100%] Built target listener_node
[7.339s] Invoked command in '/home/jorgelop/vo_ws/build/vodom_first' returned '0': CMAKE_PREFIX_PATH=${CMAKE_PREFIX_PATH}:/opt/ros/humble /usr/bin/cmake --build /home/jorgelop/vo_ws/build/vodom_first -- -j16 -l16
[7.348s] Invoking command in '/home/jorgelop/vo_ws/build/vodom_first': CMAKE_PREFIX_PATH=${CMAKE_PREFIX_PATH}:/opt/ros/humble /usr/bin/cmake --install /home/jorgelop/vo_ws/build/vodom_first
[7.355s] -- Install configuration: ""
[7.355s] -- Execute custom install script
[7.356s] -- Up-to-date symlink: /home/jorgelop/vo_ws/install/vodom_first/lib/vodom_first/vodom_first_node
[7.356s] -- Up-to-date symlink: /home/jorgelop/vo_ws/install/vodom_first/lib/vodom_first/listener_node
[7.356s] -- Up-to-date symlink: /home/jorgelop/vo_ws/install/vodom_first/lib/vodom_first/visual_odometry_node
[7.356s] -- Up-to-date symlink: /home/jorgelop/vo_ws/install/vodom_first/lib/vodom_first/visual_odo_Uli
[7.356s] -- Up-to-date symlink: /home/jorgelop/vo_ws/install/vodom_first/lib/vodom_first/ground_truth_path_node
[7.357s] -- Up-to-date symlink: /home/jorgelop/vo_ws/install/vodom_first/lib/vodom_first/minimal_path_publisher
[7.357s] -- Up-to-date symlink: /home/jorgelop/vo_ws/install/vodom_first/share/ament_index/resource_index/package_run_dependencies/vodom_first
[7.357s] -- Up-to-date symlink: /home/jorgelop/vo_ws/install/vodom_first/share/ament_index/resource_index/parent_prefix_path/vodom_first
[7.357s] -- Up-to-date symlink: /home/jorgelop/vo_ws/install/vodom_first/share/vodom_first/environment/ament_prefix_path.sh
[7.357s] -- Up-to-date symlink: /home/jorgelop/vo_ws/install/vodom_first/share/vodom_first/environment/ament_prefix_path.dsv
[7.357s] -- Up-to-date symlink: /home/jorgelop/vo_ws/install/vodom_first/share/vodom_first/environment/path.sh
[7.357s] -- Up-to-date symlink: /home/jorgelop/vo_ws/install/vodom_first/share/vodom_first/environment/path.dsv
[7.357s] -- Up-to-date symlink: /home/jorgelop/vo_ws/install/vodom_first/share/vodom_first/local_setup.bash
[7.357s] -- Up-to-date symlink: /home/jorgelop/vo_ws/install/vodom_first/share/vodom_first/local_setup.sh
[7.358s] -- Up-to-date symlink: /home/jorgelop/vo_ws/install/vodom_first/share/vodom_first/local_setup.zsh
[7.358s] -- Up-to-date symlink: /home/jorgelop/vo_ws/install/vodom_first/share/vodom_first/local_setup.dsv
[7.358s] -- Symlinking: /home/jorgelop/vo_ws/install/vodom_first/share/vodom_first/package.dsv
[7.365s] -- Up-to-date symlink: /home/jorgelop/vo_ws/install/vodom_first/share/ament_index/resource_index/packages/vodom_first
[7.365s] -- Up-to-date symlink: /home/jorgelop/vo_ws/install/vodom_first/share/vodom_first/cmake/vodom_firstConfig.cmake
[7.366s] -- Up-to-date symlink: /home/jorgelop/vo_ws/install/vodom_first/share/vodom_first/cmake/vodom_firstConfig-version.cmake
[7.366s] -- Up-to-date symlink: /home/jorgelop/vo_ws/install/vodom_first/share/vodom_first/package.xml
[7.368s] Invoked command in '/home/jorgelop/vo_ws/build/vodom_first' returned '0': CMAKE_PREFIX_PATH=${CMAKE_PREFIX_PATH}:/opt/ros/humble /usr/bin/cmake --install /home/jorgelop/vo_ws/build/vodom_first
